{"level":"info","message":"⌛ Building environment","timeElapsed":222,"timestamp":"2024-03-10T17:54:01.851Z"}
{"level":"info","message":"⌛ Building environment","timeElapsed":105,"timestamp":"2024-03-10T17:54:02.004Z"}
{"level":"info","message":"⌛ Inferring types","timeElapsed":111,"timestamp":"2024-03-10T17:54:02.544Z"}
{"level":"info","message":"⌛ Building environment","timeElapsed":153,"timestamp":"2024-03-10T17:54:02.884Z"}
{"level":"info","message":"⌛ Inferring types","timeElapsed":186,"timestamp":"2024-03-10T17:54:02.884Z"}
{"level":"info","message":"⌛ Building environment","timeElapsed":376,"timestamp":"2024-03-10T17:54:04.318Z"}
{"level":"info","message":"⌛ Building environment","timeElapsed":169,"timestamp":"2024-03-10T17:54:04.531Z"}
{"level":"info","message":"⌛ Building environment","timeElapsed":101,"timestamp":"2024-03-10T17:54:04.657Z"}
{"level":"info","message":"⌛ Building environment","timeElapsed":244,"timestamp":"2024-03-10T17:54:06.799Z"}
{"level":"info","message":"⌛ Building environment","timeElapsed":104,"timestamp":"2024-03-10T17:54:06.927Z"}
{"level":"info","message":"⌛ Building environment","timeElapsed":190,"timestamp":"2024-03-10T17:54:08.494Z"}
{"level":"info","message":"⌛ Building environment","timeElapsed":109,"timestamp":"2024-03-10T17:54:08.636Z"}
{"level":"info","message":"⌛ Building environment","timeElapsed":206,"timestamp":"2024-03-10T17:54:10.594Z"}
{"level":"info","message":"⌛ Building environment","timeElapsed":112,"timestamp":"2024-03-10T17:54:10.729Z"}
{"level":"info","message":"⌛ Building environment","timeElapsed":114,"timestamp":"2024-03-10T17:54:11.512Z"}
{"level":"info","message":"⌛ Inferring types","timeElapsed":106,"timestamp":"2024-03-10T17:54:11.512Z"}
{"level":"info","message":"🚀 Program executed main.PacMan on /home/user/Documents/UNAHUR/Programación/Objetos-I/Codigo/wollok-ts/pacman","ok":true,"timeElapsed":451,"timestamp":"2024-03-10T17:54:23.394Z"}
{"error":["Error: Could not resolve reference to main.PacMan","  at Environment.getNodeByFQN (/snapshot/wollok-ts-cli/node_modules/wollok-ts/dist/model.js:677:19)","  at Command.default_1 (/snapshot/wollok-ts-cli/build/src/commands/run.js:72:44)","  at async Command.parseAsync (/snapshot/wollok-ts-cli/node_modules/commander/lib/command.js:936:5"],"level":"info","message":"🚀 Program executed main.PacMan on /home/user/Documents/UNAHUR/Programación/Objetos-I/Codigo/wollok-ts/pacman","ok":false,"timeElapsed":477,"timestamp":"2024-03-10T17:54:42.085Z"}
{"level":"info","message":"🚀 Program executed main.Pacman on /home/user/Documents/UNAHUR/Programación/Objetos-I/Codigo/wollok-ts/pacman","ok":true,"timeElapsed":484,"timestamp":"2024-03-10T17:54:47.058Z"}
{"level":"info","message":"🚀 Program executed game.Pacman on /home/user/Documents/UNAHUR/Programación/Objetos-I/Codigo/wollok-ts/pacman","ok":true,"timeElapsed":546,"timestamp":"2024-03-10T17:54:58.996Z"}
{"exitCode":"SIGHUP","level":"info","message":"👾 Game executed game.Pacman on /home/user/Documents/UNAHUR/Programación/Objetos-I/Codigo/wollok-ts/pacman","timeElapsed":93063,"timestamp":"2024-03-10T17:56:36.753Z"}
{"level":"info","message":"⌛ Building environment","timeElapsed":168,"timestamp":"2024-03-10T19:43:23.555Z"}
{"level":"info","message":"⌛ Building environment","timeElapsed":102,"timestamp":"2024-03-10T19:43:23.701Z"}
{"level":"info","message":"⌛ Validating /home/user/Documents/UNAHUR/Programaci%C3%B3n/Objetos-I/Codigo/wollok-ts/pacman/game.wpgm","timeElapsed":125,"timestamp":"2024-03-10T19:43:24.404Z"}
{"level":"info","message":"⌛ Validating /home/user/Documents/UNAHUR/Programaci%C3%B3n/Objetos-I/Codigo/wollok-ts/pacman/game.wpgm","timeElapsed":136,"timestamp":"2024-03-10T19:43:24.541Z"}
{"level":"info","message":"⌛ Validating /home/user/Documents/UNAHUR/Programaci%C3%B3n/Objetos-I/Codigo/wollok-ts/pacman/testExample.wtest","timeElapsed":116,"timestamp":"2024-03-10T19:43:24.659Z"}
{"level":"info","message":"⌛ Validating /home/user/Documents/UNAHUR/Programaci%C3%B3n/Objetos-I/Codigo/wollok-ts/pacman/testExample.wtest","timeElapsed":102,"timestamp":"2024-03-10T19:43:24.762Z"}
{"level":"info","message":"⌛ Validating /home/user/Documents/UNAHUR/Programaci%C3%B3n/Objetos-I/Codigo/wollok-ts/pacman/example.wlk","timeElapsed":103,"timestamp":"2024-03-10T19:43:24.866Z"}
{"level":"info","message":"⌛ Validating /home/user/Documents/UNAHUR/Programaci%C3%B3n/Objetos-I/Codigo/wollok-ts/pacman/example.wlk","timeElapsed":141,"timestamp":"2024-03-10T19:43:25.008Z"}
{"level":"error","message":"Failed to get type description No type variable for node home.user.Documents.UNAHUR.Programaci%C3%B3n.Objetos-I.Codigo.wollok-ts.pacman.game.Pacman [Program]{8a4d8e} at home/user/Documents/UNAHUR/Programaci%C3%B3n/Objetos-I/Codigo/wollok-ts/pacman/game.wpgm:5","stack":"Error: No type variable for node home.user.Documents.UNAHUR.Programaci%C3%B3n.Objetos-I.Codigo.wollok-ts.pacman.game.Pacman [Program]{8a4d8e} at home/user/Documents/UNAHUR/Programaci%C3%B3n/Objetos-I/Codigo/wollok-ts/pacman/game.wpgm:5\n    at TypeRegistry.getType (/home/user/.vscode/extensions/uqbar.wollok-lsp-ide-0.2.1/node_modules/wollok-ts/dist/typeSystem/wollokTypes.js:199:19)\n    at get type [as type] (/home/user/.vscode/extensions/uqbar.wollok-lsp-ide-0.2.1/node_modules/wollok-ts/dist/model.js:66:55)\n    at /home/user/.vscode/extensions/uqbar.wollok-lsp-ide-0.2.1/server/out/functionalities/hover.js:19:50\n    at /home/user/.vscode/extensions/uqbar.wollok-lsp-ide-0.2.1/server/out/server.js:31:20\n    at /home/user/.vscode/extensions/uqbar.wollok-lsp-ide-0.2.1/server/out/server.js:47:88\n    at runNextTicks (node:internal/process/task_queues:60:5)\n    at process.processImmediate (node:internal/timers:447:9)","timestamp":"2024-03-10T19:43:25.035Z"}
{"level":"error","message":"Failed to get type description No type variable for node home.user.Documents.UNAHUR.Programaci%C3%B3n.Objetos-I.Codigo.wollok-ts.pacman.game.Pacman [Program]{8a4d8e} at home/user/Documents/UNAHUR/Programaci%C3%B3n/Objetos-I/Codigo/wollok-ts/pacman/game.wpgm:5","stack":"Error: No type variable for node home.user.Documents.UNAHUR.Programaci%C3%B3n.Objetos-I.Codigo.wollok-ts.pacman.game.Pacman [Program]{8a4d8e} at home/user/Documents/UNAHUR/Programaci%C3%B3n/Objetos-I/Codigo/wollok-ts/pacman/game.wpgm:5\n    at TypeRegistry.getType (/home/user/.vscode/extensions/uqbar.wollok-lsp-ide-0.2.1/node_modules/wollok-ts/dist/typeSystem/wollokTypes.js:199:19)\n    at get type [as type] (/home/user/.vscode/extensions/uqbar.wollok-lsp-ide-0.2.1/node_modules/wollok-ts/dist/model.js:66:55)\n    at /home/user/.vscode/extensions/uqbar.wollok-lsp-ide-0.2.1/server/out/functionalities/hover.js:19:50\n    at /home/user/.vscode/extensions/uqbar.wollok-lsp-ide-0.2.1/server/out/server.js:31:20\n    at /home/user/.vscode/extensions/uqbar.wollok-lsp-ide-0.2.1/server/out/server.js:47:88\n    at runNextTicks (node:internal/process/task_queues:60:5)\n    at process.processImmediate (node:internal/timers:447:9)","timestamp":"2024-03-10T19:43:25.048Z"}
{"exitCode":"SIGINT","level":"info","message":"👾 Game executed game.Pacman on /home/user/Documents/UNAHUR/Programación/Objetos-I/Codigo/wollok-ts/pacman","timeElapsed":5692,"timestamp":"2024-03-10T19:43:55.656Z"}
{"level":"info","message":"⌛ Building environment","timeElapsed":107,"timestamp":"2024-03-10T19:44:00.413Z"}
{"level":"info","message":"⌛ Validating /home/user/Documents/UNAHUR/Programaci%C3%B3n/Objetos-I/Codigo/wollok-ts/pacman/game.wpgm","timeElapsed":160,"timestamp":"2024-03-10T19:44:00.588Z"}
{"level":"info","message":"⌛ Building environment","timeElapsed":128,"timestamp":"2024-03-10T19:44:00.788Z"}
{"level":"info","message":"⌛ Validating /home/user/Documents/UNAHUR/Programaci%C3%B3n/Objetos-I/Codigo/wollok-ts/pacman/game.wpgm","timeElapsed":125,"timestamp":"2024-03-10T19:44:01.153Z"}
{"level":"error","message":"Failed to get type description No type variable for node home.user.Documents.UNAHUR.Programaci%C3%B3n.Objetos-I.Codigo.wollok-ts.pacman.game.Main [Program]{17eada} at home/user/Documents/UNAHUR/Programaci%C3%B3n/Objetos-I/Codigo/wollok-ts/pacman/game.wpgm:5","stack":"Error: No type variable for node home.user.Documents.UNAHUR.Programaci%C3%B3n.Objetos-I.Codigo.wollok-ts.pacman.game.Main [Program]{17eada} at home/user/Documents/UNAHUR/Programaci%C3%B3n/Objetos-I/Codigo/wollok-ts/pacman/game.wpgm:5\n    at TypeRegistry.getType (/home/user/.vscode/extensions/uqbar.wollok-lsp-ide-0.2.1/node_modules/wollok-ts/dist/typeSystem/wollokTypes.js:199:19)\n    at get type [as type] (/home/user/.vscode/extensions/uqbar.wollok-lsp-ide-0.2.1/node_modules/wollok-ts/dist/model.js:66:55)\n    at /home/user/.vscode/extensions/uqbar.wollok-lsp-ide-0.2.1/server/out/functionalities/hover.js:19:50\n    at /home/user/.vscode/extensions/uqbar.wollok-lsp-ide-0.2.1/server/out/server.js:31:20\n    at /home/user/.vscode/extensions/uqbar.wollok-lsp-ide-0.2.1/server/node_modules/vscode-languageserver/lib/common/server.js:590:20\n    at handleRequest (/home/user/.vscode/extensions/uqbar.wollok-lsp-ide-0.2.1/server/node_modules/vscode-jsonrpc/lib/common/connection.js:493:41)\n    at handleMessage (/home/user/.vscode/extensions/uqbar.wollok-lsp-ide-0.2.1/server/node_modules/vscode-jsonrpc/lib/common/connection.js:339:13)\n    at processMessageQueue (/home/user/.vscode/extensions/uqbar.wollok-lsp-ide-0.2.1/server/node_modules/vscode-jsonrpc/lib/common/connection.js:362:17)\n    at Immediate._onImmediate (/home/user/.vscode/extensions/uqbar.wollok-lsp-ide-0.2.1/server/node_modules/vscode-jsonrpc/lib/common/connection.js:334:13)\n    at process.processImmediate (node:internal/timers:476:21)","timestamp":"2024-03-10T19:44:02.012Z"}
{"level":"info","message":"⌛ Inferring types","timeElapsed":101,"timestamp":"2024-03-10T19:44:06.429Z"}
{"level":"info","message":"⌛ Building environment","timeElapsed":132,"timestamp":"2024-03-10T19:44:06.705Z"}
{"level":"info","message":"⌛ Building environment","timeElapsed":104,"timestamp":"2024-03-10T19:44:07.184Z"}
{"level":"info","message":"⌛ Inferring types","timeElapsed":204,"timestamp":"2024-03-10T19:44:07.184Z"}
{"level":"info","message":"⌛ Validating /home/user/Documents/UNAHUR/Programaci%C3%B3n/Objetos-I/Codigo/wollok-ts/pacman/pacman.wpgm","timeElapsed":157,"timestamp":"2024-03-10T19:44:07.347Z"}
{"level":"info","message":"⌛ Validating /home/user/Documents/UNAHUR/Programaci%C3%B3n/Objetos-I/Codigo/wollok-ts/pacman/pacman.wpgm","timeElapsed":133,"timestamp":"2024-03-10T19:44:07.482Z"}
{"level":"info","message":"⌛ Building environment","timeElapsed":102,"timestamp":"2024-03-10T19:44:17.759Z"}
{"level":"error","message":"Failed to get type description No type variable for node home.user.Documents.UNAHUR.Programaci%C3%B3n.Objetos-I.Codigo.wollok-ts.pacman.pacman.main [Program]{5c80bf} at home/user/Documents/UNAHUR/Programaci%C3%B3n/Objetos-I/Codigo/wollok-ts/pacman/pacman.wpgm:5","stack":"Error: No type variable for node home.user.Documents.UNAHUR.Programaci%C3%B3n.Objetos-I.Codigo.wollok-ts.pacman.pacman.main [Program]{5c80bf} at home/user/Documents/UNAHUR/Programaci%C3%B3n/Objetos-I/Codigo/wollok-ts/pacman/pacman.wpgm:5\n    at TypeRegistry.getType (/home/user/.vscode/extensions/uqbar.wollok-lsp-ide-0.2.1/node_modules/wollok-ts/dist/typeSystem/wollokTypes.js:199:19)\n    at get type [as type] (/home/user/.vscode/extensions/uqbar.wollok-lsp-ide-0.2.1/node_modules/wollok-ts/dist/model.js:66:55)\n    at /home/user/.vscode/extensions/uqbar.wollok-lsp-ide-0.2.1/server/out/functionalities/hover.js:19:50\n    at /home/user/.vscode/extensions/uqbar.wollok-lsp-ide-0.2.1/server/out/server.js:31:20\n    at /home/user/.vscode/extensions/uqbar.wollok-lsp-ide-0.2.1/server/node_modules/vscode-languageserver/lib/common/server.js:590:20\n    at handleRequest (/home/user/.vscode/extensions/uqbar.wollok-lsp-ide-0.2.1/server/node_modules/vscode-jsonrpc/lib/common/connection.js:493:41)\n    at handleMessage (/home/user/.vscode/extensions/uqbar.wollok-lsp-ide-0.2.1/server/node_modules/vscode-jsonrpc/lib/common/connection.js:339:13)\n    at processMessageQueue (/home/user/.vscode/extensions/uqbar.wollok-lsp-ide-0.2.1/server/node_modules/vscode-jsonrpc/lib/common/connection.js:362:17)\n    at Immediate._onImmediate (/home/user/.vscode/extensions/uqbar.wollok-lsp-ide-0.2.1/server/node_modules/vscode-jsonrpc/lib/common/connection.js:334:13)\n    at process.processImmediate (node:internal/timers:476:21)","timestamp":"2024-03-10T19:44:18.998Z"}
{"exitCode":"SIGINT","level":"info","message":"👾 Game executed pacman.main on /home/user/Documents/UNAHUR/Programación/Objetos-I/Codigo/wollok-ts/pacman","timeElapsed":8364,"timestamp":"2024-03-10T19:44:31.035Z"}
{"exitCode":"SIGINT","level":"info","message":"👾 Game executed pacman.main on /home/user/Documents/UNAHUR/Programación/Objetos-I/Codigo/wollok-ts/pacman","timeElapsed":3048,"timestamp":"2024-03-10T19:45:11.282Z"}
{"level":"error","message":"Failed to get type description No type variable for node home.user.Documents.UNAHUR.Programaci%C3%B3n.Objetos-I.Codigo.wollok-ts.pacman.pacman.main [Program]{5c80bf} at home/user/Documents/UNAHUR/Programaci%C3%B3n/Objetos-I/Codigo/wollok-ts/pacman/pacman.wpgm:5","stack":"Error: No type variable for node home.user.Documents.UNAHUR.Programaci%C3%B3n.Objetos-I.Codigo.wollok-ts.pacman.pacman.main [Program]{5c80bf} at home/user/Documents/UNAHUR/Programaci%C3%B3n/Objetos-I/Codigo/wollok-ts/pacman/pacman.wpgm:5\n    at TypeRegistry.getType (/home/user/.vscode/extensions/uqbar.wollok-lsp-ide-0.2.1/node_modules/wollok-ts/dist/typeSystem/wollokTypes.js:199:19)\n    at get type [as type] (/home/user/.vscode/extensions/uqbar.wollok-lsp-ide-0.2.1/node_modules/wollok-ts/dist/model.js:66:55)\n    at /home/user/.vscode/extensions/uqbar.wollok-lsp-ide-0.2.1/server/out/functionalities/hover.js:19:50\n    at /home/user/.vscode/extensions/uqbar.wollok-lsp-ide-0.2.1/server/out/server.js:31:20\n    at /home/user/.vscode/extensions/uqbar.wollok-lsp-ide-0.2.1/server/node_modules/vscode-languageserver/lib/common/server.js:590:20\n    at handleRequest (/home/user/.vscode/extensions/uqbar.wollok-lsp-ide-0.2.1/server/node_modules/vscode-jsonrpc/lib/common/connection.js:493:41)\n    at handleMessage (/home/user/.vscode/extensions/uqbar.wollok-lsp-ide-0.2.1/server/node_modules/vscode-jsonrpc/lib/common/connection.js:339:13)\n    at processMessageQueue (/home/user/.vscode/extensions/uqbar.wollok-lsp-ide-0.2.1/server/node_modules/vscode-jsonrpc/lib/common/connection.js:362:17)\n    at Immediate._onImmediate (/home/user/.vscode/extensions/uqbar.wollok-lsp-ide-0.2.1/server/node_modules/vscode-jsonrpc/lib/common/connection.js:334:13)\n    at process.processImmediate (node:internal/timers:476:21)","timestamp":"2024-03-10T19:45:32.437Z"}
{"level":"info","message":"⌛ Building environment","timeElapsed":111,"timestamp":"2024-03-10T19:45:33.773Z"}
{"level":"info","message":"⌛ Validating /home/user/Documents/UNAHUR/Programaci%C3%B3n/Objetos-I/Codigo/wollok-ts/pacman/pacman.wpgm","timeElapsed":131,"timestamp":"2024-03-10T19:45:33.906Z"}
{"exitCode":"SIGINT","level":"info","message":"👾 Game executed pacman.main on /home/user/Documents/UNAHUR/Programación/Objetos-I/Codigo/wollok-ts/pacman","timeElapsed":11681,"timestamp":"2024-03-10T19:45:37.333Z"}
